2017:09:20 16:43:14.308 INFO  --- [main] com.example.Application : Starting Application on DESKTOP-827TD4G with PID 17228 (C:\Lesson\spring\workspace\spring-boot-mybatis-board-oracle\target\classes started by Seokwon in C:\Lesson\spring\workspace\spring-boot-mybatis-board-oracle) 
2017:09:20 16:43:14.308 INFO  --- [main] com.example.Application : No active profile set, falling back to default profiles: default 
2017:09:20 16:43:14.433 INFO  --- [main] o.s.b.c.e.AnnotationConfigEmbeddedWebApplicationContext : Refreshing org.springframework.boot.context.embedded.AnnotationConfigEmbeddedWebApplicationContext@f79e: startup date [Wed Sep 20 16:43:14 KST 2017]; root of context hierarchy 
2017:09:20 16:43:16.824 INFO  --- [main] o.s.b.c.e.t.TomcatEmbeddedServletContainer : Tomcat initialized with port(s): 8080 (http) 
2017:09:20 16:43:16.852 INFO  --- [main] o.a.catalina.core.StandardService : Starting service [Tomcat] 
2017:09:20 16:43:16.853 INFO  --- [main] o.a.catalina.core.StandardEngine : Starting Servlet Engine: Apache Tomcat/8.5.15 
2017:09:20 16:43:17.191 INFO  --- [localhost-startStop-1] o.apache.jasper.servlet.TldScanner : At least one JAR was scanned for TLDs yet contained no TLDs. Enable debug logging for this logger for a complete list of JARs that were scanned but no TLDs were found in them. Skipping unneeded JARs during scanning can improve startup time and JSP compilation time. 
2017:09:20 16:43:17.191 INFO  --- [localhost-startStop-1] o.a.c.c.C.[Tomcat].[localhost].[/] : Initializing Spring embedded WebApplicationContext 
2017:09:20 16:43:17.207 INFO  --- [localhost-startStop-1] o.s.web.context.ContextLoader : Root WebApplicationContext: initialization completed in 2774 ms 
2017:09:20 16:43:17.441 INFO  --- [localhost-startStop-1] o.s.b.w.s.ServletRegistrationBean : Mapping servlet: 'dispatcherServlet' to [/] 
2017:09:20 16:43:17.457 INFO  --- [localhost-startStop-1] o.s.b.w.s.FilterRegistrationBean : Mapping filter: 'characterEncodingFilter' to: [/*] 
2017:09:20 16:43:17.457 INFO  --- [localhost-startStop-1] o.s.b.w.s.FilterRegistrationBean : Mapping filter: 'hiddenHttpMethodFilter' to: [/*] 
2017:09:20 16:43:17.457 INFO  --- [localhost-startStop-1] o.s.b.w.s.FilterRegistrationBean : Mapping filter: 'httpPutFormContentFilter' to: [/*] 
2017:09:20 16:43:17.457 INFO  --- [localhost-startStop-1] o.s.b.w.s.FilterRegistrationBean : Mapping filter: 'requestContextFilter' to: [/*] 
2017:09:20 16:43:18.320 INFO  --- [main] o.s.w.s.m.m.a.RequestMappingHandlerAdapter : Looking for @ControllerAdvice: org.springframework.boot.context.embedded.AnnotationConfigEmbeddedWebApplicationContext@f79e: startup date [Wed Sep 20 16:43:14 KST 2017]; root of context hierarchy 
2017:09:20 16:43:18.420 INFO  --- [main] o.s.w.s.m.m.a.RequestMappingHandlerMapping : Mapped "{[/boards/update],methods=[POST]}" onto public java.lang.String com.example.web.controller.BoardController.postUpdate(com.example.board.model.Board,javax.servlet.http.HttpSession,org.springframework.ui.Model) 
2017:09:20 16:43:18.436 INFO  --- [main] o.s.w.s.m.m.a.RequestMappingHandlerMapping : Mapped "{[/boards/delete/{id}],methods=[GET]}" onto public java.lang.String com.example.web.controller.BoardController.getDelete(long,javax.servlet.http.HttpSession,org.springframework.ui.Model) 
2017:09:20 16:43:18.436 INFO  --- [main] o.s.w.s.m.m.a.RequestMappingHandlerMapping : Mapped "{[/boards/{id}],methods=[GET]}" onto public org.springframework.web.servlet.ModelAndView com.example.web.controller.BoardController.getBoardView(long) 
2017:09:20 16:43:18.452 INFO  --- [main] o.s.w.s.m.m.a.RequestMappingHandlerMapping : Mapped "{[/boards/write],methods=[GET]}" onto public java.lang.String com.example.web.controller.BoardController.getInsertView(javax.servlet.http.HttpSession,org.springframework.ui.Model) 
2017:09:20 16:43:18.452 INFO  --- [main] o.s.w.s.m.m.a.RequestMappingHandlerMapping : Mapped "{[/boards/update/{id}],methods=[GET]}" onto public java.lang.String com.example.web.controller.BoardController.getUpdateView(long,javax.servlet.http.HttpSession,org.springframework.ui.Model) 
2017:09:20 16:43:18.452 INFO  --- [main] o.s.w.s.m.m.a.RequestMappingHandlerMapping : Mapped "{[/boards],methods=[GET]}" onto public org.springframework.web.servlet.ModelAndView com.example.web.controller.BoardController.getBoardsView(int,int,int) 
2017:09:20 16:43:18.452 INFO  --- [main] o.s.w.s.m.m.a.RequestMappingHandlerMapping : Mapped "{[/boards/write],methods=[POST]}" onto public java.lang.String com.example.web.controller.BoardController.postInsert(com.example.board.model.Board,javax.servlet.http.HttpSession,org.springframework.ui.Model) 
2017:09:20 16:43:18.452 INFO  --- [main] o.s.w.s.m.m.a.RequestMappingHandlerMapping : Mapped "{[/],methods=[GET]}" onto public java.lang.String com.example.web.controller.HomeController.getHomeView() 
2017:09:20 16:43:18.452 INFO  --- [main] o.s.w.s.m.m.a.RequestMappingHandlerMapping : Mapped "{[/login],methods=[GET]}" onto public java.lang.String com.example.web.controller.LoginController.getLoginView() 
2017:09:20 16:43:18.467 INFO  --- [main] o.s.w.s.m.m.a.RequestMappingHandlerMapping : Mapped "{[/logout],methods=[GET]}" onto public java.lang.String com.example.web.controller.LoginController.getLogout(javax.servlet.http.HttpSession) 
2017:09:20 16:43:18.467 INFO  --- [main] o.s.w.s.m.m.a.RequestMappingHandlerMapping : Mapped "{[/login],methods=[POST]}" onto public java.lang.String com.example.web.controller.LoginController.postLogin(com.example.login.dto.Login,org.springframework.ui.Model,javax.servlet.http.HttpSession) 
2017:09:20 16:43:18.467 INFO  --- [main] o.s.w.s.m.m.a.RequestMappingHandlerMapping : Mapped "{[/users/enroll],methods=[POST]}" onto public java.lang.String com.example.web.controller.UserController.postUser(com.example.user.model.User,org.springframework.ui.Model,javax.servlet.http.HttpSession,org.springframework.web.servlet.mvc.support.RedirectAttributes) 
2017:09:20 16:43:18.467 INFO  --- [main] o.s.w.s.m.m.a.RequestMappingHandlerMapping : Mapped "{[/users],methods=[GET]}" onto public java.lang.Object com.example.web.controller.UserController.getUsersView() 
2017:09:20 16:43:18.467 INFO  --- [main] o.s.w.s.m.m.a.RequestMappingHandlerMapping : Mapped "{[/error]}" onto public org.springframework.http.ResponseEntity<java.util.Map<java.lang.String, java.lang.Object>> org.springframework.boot.autoconfigure.web.BasicErrorController.error(javax.servlet.http.HttpServletRequest) 
2017:09:20 16:43:18.467 INFO  --- [main] o.s.w.s.m.m.a.RequestMappingHandlerMapping : Mapped "{[/error],produces=[text/html]}" onto public org.springframework.web.servlet.ModelAndView org.springframework.boot.autoconfigure.web.BasicErrorController.errorHtml(javax.servlet.http.HttpServletRequest,javax.servlet.http.HttpServletResponse) 
2017:09:20 16:43:18.530 INFO  --- [main] o.s.w.s.h.SimpleUrlHandlerMapping : Mapped URL path [/webjars/**] onto handler of type [class org.springframework.web.servlet.resource.ResourceHttpRequestHandler] 
2017:09:20 16:43:18.530 INFO  --- [main] o.s.w.s.h.SimpleUrlHandlerMapping : Mapped URL path [/**] onto handler of type [class org.springframework.web.servlet.resource.ResourceHttpRequestHandler] 
2017:09:20 16:43:18.795 INFO  --- [main] o.s.w.s.h.SimpleUrlHandlerMapping : Mapped URL path [/**/favicon.ico] onto handler of type [class org.springframework.web.servlet.resource.ResourceHttpRequestHandler] 
2017:09:20 16:43:19.311 INFO  --- [main] o.s.j.e.a.AnnotationMBeanExporter : Registering beans for JMX exposure on startup 
2017:09:20 16:43:19.406 INFO  --- [main] o.s.b.c.e.t.TomcatEmbeddedServletContainer : Tomcat started on port(s): 8080 (http) 
2017:09:20 16:43:19.422 INFO  --- [main] com.example.Application : Started Application in 5.726 seconds (JVM running for 6.428) 
2017:09:20 16:43:25.468 INFO  --- [http-nio-8080-exec-1] o.a.c.c.C.[Tomcat].[localhost].[/] : Initializing Spring FrameworkServlet 'dispatcherServlet' 
2017:09:20 16:43:25.473 INFO  --- [http-nio-8080-exec-1] o.s.web.servlet.DispatcherServlet : FrameworkServlet 'dispatcherServlet': initialization started 
2017:09:20 16:43:25.499 INFO  --- [http-nio-8080-exec-1] o.s.web.servlet.DispatcherServlet : FrameworkServlet 'dispatcherServlet': initialization completed in 21 ms 
2017:09:20 16:46:07.304 INFO  --- [RMI TCP Connection(2)-192.168.67.2] o.s.b.a.SpringApplicationAdminMXBeanRegistrar$SpringApplicationAdmin : Application shutdown requested. 
2017:09:20 16:46:07.317 INFO  --- [RMI TCP Connection(2)-192.168.67.2] o.s.b.c.e.AnnotationConfigEmbeddedWebApplicationContext : Closing org.springframework.boot.context.embedded.AnnotationConfigEmbeddedWebApplicationContext@f79e: startup date [Wed Sep 20 16:43:14 KST 2017]; root of context hierarchy 
2017:09:20 16:46:07.317 INFO  --- [RMI TCP Connection(2)-192.168.67.2] o.s.j.e.a.AnnotationMBeanExporter : Unregistering JMX-exposed beans on shutdown 
2017:09:20 16:46:10.676 INFO  --- [main] com.example.Application : Starting Application on DESKTOP-827TD4G with PID 9184 (C:\Lesson\spring\workspace\spring-boot-mybatis-board-oracle\target\classes started by Seokwon in C:\Lesson\spring\workspace\spring-boot-mybatis-board-oracle) 
2017:09:20 16:46:10.692 INFO  --- [main] com.example.Application : No active profile set, falling back to default profiles: default 
2017:09:20 16:46:10.817 INFO  --- [main] o.s.b.c.e.AnnotationConfigEmbeddedWebApplicationContext : Refreshing org.springframework.boot.context.embedded.AnnotationConfigEmbeddedWebApplicationContext@f79e: startup date [Wed Sep 20 16:46:10 KST 2017]; root of context hierarchy 
2017:09:20 16:46:12.757 INFO  --- [main] o.s.b.c.e.t.TomcatEmbeddedServletContainer : Tomcat initialized with port(s): 8080 (http) 
2017:09:20 16:46:12.782 INFO  --- [main] o.a.catalina.core.StandardService : Starting service [Tomcat] 
2017:09:20 16:46:12.782 INFO  --- [main] o.a.catalina.core.StandardEngine : Starting Servlet Engine: Apache Tomcat/8.5.15 
2017:09:20 16:46:13.108 INFO  --- [localhost-startStop-1] o.apache.jasper.servlet.TldScanner : At least one JAR was scanned for TLDs yet contained no TLDs. Enable debug logging for this logger for a complete list of JARs that were scanned but no TLDs were found in them. Skipping unneeded JARs during scanning can improve startup time and JSP compilation time. 
2017:09:20 16:46:13.108 INFO  --- [localhost-startStop-1] o.a.c.c.C.[Tomcat].[localhost].[/] : Initializing Spring embedded WebApplicationContext 
2017:09:20 16:46:13.124 INFO  --- [localhost-startStop-1] o.s.web.context.ContextLoader : Root WebApplicationContext: initialization completed in 2307 ms 
2017:09:20 16:46:13.358 INFO  --- [localhost-startStop-1] o.s.b.w.s.ServletRegistrationBean : Mapping servlet: 'dispatcherServlet' to [/] 
2017:09:20 16:46:13.374 INFO  --- [localhost-startStop-1] o.s.b.w.s.FilterRegistrationBean : Mapping filter: 'characterEncodingFilter' to: [/*] 
2017:09:20 16:46:13.374 INFO  --- [localhost-startStop-1] o.s.b.w.s.FilterRegistrationBean : Mapping filter: 'hiddenHttpMethodFilter' to: [/*] 
2017:09:20 16:46:13.374 INFO  --- [localhost-startStop-1] o.s.b.w.s.FilterRegistrationBean : Mapping filter: 'httpPutFormContentFilter' to: [/*] 
2017:09:20 16:46:13.374 INFO  --- [localhost-startStop-1] o.s.b.w.s.FilterRegistrationBean : Mapping filter: 'requestContextFilter' to: [/*] 
2017:09:20 16:46:14.300 INFO  --- [main] o.s.w.s.m.m.a.RequestMappingHandlerAdapter : Looking for @ControllerAdvice: org.springframework.boot.context.embedded.AnnotationConfigEmbeddedWebApplicationContext@f79e: startup date [Wed Sep 20 16:46:10 KST 2017]; root of context hierarchy 
2017:09:20 16:46:14.404 INFO  --- [main] o.s.w.s.m.m.a.RequestMappingHandlerMapping : Mapped "{[/boards],methods=[GET]}" onto public org.springframework.web.servlet.ModelAndView com.example.web.controller.BoardController.getBoardsView(int,int,int) 
2017:09:20 16:46:14.404 INFO  --- [main] o.s.w.s.m.m.a.RequestMappingHandlerMapping : Mapped "{[/boards/write],methods=[GET]}" onto public java.lang.String com.example.web.controller.BoardController.getInsertView(javax.servlet.http.HttpSession,org.springframework.ui.Model) 
2017:09:20 16:46:14.420 INFO  --- [main] o.s.w.s.m.m.a.RequestMappingHandlerMapping : Mapped "{[/boards/write],methods=[POST]}" onto public java.lang.String com.example.web.controller.BoardController.postInsert(com.example.board.model.Board,javax.servlet.http.HttpSession,org.springframework.ui.Model) 
2017:09:20 16:46:14.420 INFO  --- [main] o.s.w.s.m.m.a.RequestMappingHandlerMapping : Mapped "{[/boards/{id}],methods=[GET]}" onto public org.springframework.web.servlet.ModelAndView com.example.web.controller.BoardController.getBoardView(long) 
2017:09:20 16:46:14.420 INFO  --- [main] o.s.w.s.m.m.a.RequestMappingHandlerMapping : Mapped "{[/boards/update/{id}],methods=[GET]}" onto public java.lang.String com.example.web.controller.BoardController.getUpdateView(long,javax.servlet.http.HttpSession,org.springframework.ui.Model) 
2017:09:20 16:46:14.435 INFO  --- [main] o.s.w.s.m.m.a.RequestMappingHandlerMapping : Mapped "{[/boards/update],methods=[POST]}" onto public java.lang.String com.example.web.controller.BoardController.postUpdate(com.example.board.model.Board,javax.servlet.http.HttpSession,org.springframework.ui.Model) 
2017:09:20 16:46:14.435 INFO  --- [main] o.s.w.s.m.m.a.RequestMappingHandlerMapping : Mapped "{[/boards/delete/{id}],methods=[GET]}" onto public java.lang.String com.example.web.controller.BoardController.getDelete(long,javax.servlet.http.HttpSession,org.springframework.ui.Model) 
2017:09:20 16:46:14.435 INFO  --- [main] o.s.w.s.m.m.a.RequestMappingHandlerMapping : Mapped "{[/],methods=[GET]}" onto public java.lang.String com.example.web.controller.HomeController.getHomeView() 
2017:09:20 16:46:14.435 INFO  --- [main] o.s.w.s.m.m.a.RequestMappingHandlerMapping : Mapped "{[/logout],methods=[GET]}" onto public java.lang.String com.example.web.controller.LoginController.getLogout(javax.servlet.http.HttpSession) 
2017:09:20 16:46:14.435 INFO  --- [main] o.s.w.s.m.m.a.RequestMappingHandlerMapping : Mapped "{[/login],methods=[POST]}" onto public java.lang.String com.example.web.controller.LoginController.postLogin(com.example.login.dto.Login,org.springframework.ui.Model,javax.servlet.http.HttpSession) 
2017:09:20 16:46:14.451 INFO  --- [main] o.s.w.s.m.m.a.RequestMappingHandlerMapping : Mapped "{[/login],methods=[GET]}" onto public java.lang.String com.example.web.controller.LoginController.getLoginView() 
2017:09:20 16:46:14.451 INFO  --- [main] o.s.w.s.m.m.a.RequestMappingHandlerMapping : Mapped "{[/users/enroll],methods=[POST]}" onto public java.lang.String com.example.web.controller.UserController.postUser(com.example.user.model.User,org.springframework.ui.Model,javax.servlet.http.HttpSession,org.springframework.web.servlet.mvc.support.RedirectAttributes) 
2017:09:20 16:46:14.451 INFO  --- [main] o.s.w.s.m.m.a.RequestMappingHandlerMapping : Mapped "{[/users],methods=[GET]}" onto public java.lang.Object com.example.web.controller.UserController.getUsersView() 
2017:09:20 16:46:14.451 INFO  --- [main] o.s.w.s.m.m.a.RequestMappingHandlerMapping : Mapped "{[/error]}" onto public org.springframework.http.ResponseEntity<java.util.Map<java.lang.String, java.lang.Object>> org.springframework.boot.autoconfigure.web.BasicErrorController.error(javax.servlet.http.HttpServletRequest) 
2017:09:20 16:46:14.451 INFO  --- [main] o.s.w.s.m.m.a.RequestMappingHandlerMapping : Mapped "{[/error],produces=[text/html]}" onto public org.springframework.web.servlet.ModelAndView org.springframework.boot.autoconfigure.web.BasicErrorController.errorHtml(javax.servlet.http.HttpServletRequest,javax.servlet.http.HttpServletResponse) 
2017:09:20 16:46:14.545 INFO  --- [main] o.s.w.s.h.SimpleUrlHandlerMapping : Mapped URL path [/webjars/**] onto handler of type [class org.springframework.web.servlet.resource.ResourceHttpRequestHandler] 
2017:09:20 16:46:14.545 INFO  --- [main] o.s.w.s.h.SimpleUrlHandlerMapping : Mapped URL path [/**] onto handler of type [class org.springframework.web.servlet.resource.ResourceHttpRequestHandler] 
2017:09:20 16:46:14.639 INFO  --- [main] o.s.w.s.h.SimpleUrlHandlerMapping : Mapped URL path [/**/favicon.ico] onto handler of type [class org.springframework.web.servlet.resource.ResourceHttpRequestHandler] 
2017:09:20 16:46:15.186 INFO  --- [main] o.s.j.e.a.AnnotationMBeanExporter : Registering beans for JMX exposure on startup 
2017:09:20 16:46:15.264 INFO  --- [main] o.s.b.c.e.t.TomcatEmbeddedServletContainer : Tomcat started on port(s): 8080 (http) 
2017:09:20 16:46:15.279 INFO  --- [main] com.example.Application : Started Application in 5.161 seconds (JVM running for 5.839) 
2017:09:20 16:46:20.043 INFO  --- [http-nio-8080-exec-1] o.a.c.c.C.[Tomcat].[localhost].[/] : Initializing Spring FrameworkServlet 'dispatcherServlet' 
2017:09:20 16:46:20.048 INFO  --- [http-nio-8080-exec-1] o.s.web.servlet.DispatcherServlet : FrameworkServlet 'dispatcherServlet': initialization started 
2017:09:20 16:46:20.071 INFO  --- [http-nio-8080-exec-1] o.s.web.servlet.DispatcherServlet : FrameworkServlet 'dispatcherServlet': initialization completed in 23 ms 
2017:09:20 16:46:41.233 INFO  --- [RMI TCP Connection(2)-192.168.67.2] o.s.b.a.SpringApplicationAdminMXBeanRegistrar$SpringApplicationAdmin : Application shutdown requested. 
2017:09:20 16:46:41.240 INFO  --- [RMI TCP Connection(2)-192.168.67.2] o.s.b.c.e.AnnotationConfigEmbeddedWebApplicationContext : Closing org.springframework.boot.context.embedded.AnnotationConfigEmbeddedWebApplicationContext@f79e: startup date [Wed Sep 20 16:46:10 KST 2017]; root of context hierarchy 
2017:09:20 16:46:41.240 INFO  --- [RMI TCP Connection(2)-192.168.67.2] o.s.j.e.a.AnnotationMBeanExporter : Unregistering JMX-exposed beans on shutdown 
